2024-06-02 13:38:21 INFO  c.e.c.CommentServiceApplication - Starting CommentServiceApplication using Java 21.0.2 with PID 25032 (C:\Users\boby\Documents\All materials\java\spring\project_kuliah\comment_service\target\classes started by boby in C:\Users\boby\Documents\All materials\java\spring\project_kuliah\comment_service)
2024-06-02 13:38:21 INFO  c.e.c.CommentServiceApplication - No active profile set, falling back to 1 default profile: "default"
2024-06-02 13:38:22 INFO  o.s.d.r.c.RepositoryConfigurationDelegate - Bootstrapping Spring Data JPA repositories in DEFAULT mode.
2024-06-02 13:38:22 INFO  o.s.d.r.c.RepositoryConfigurationDelegate - Finished Spring Data repository scanning in 65 ms. Found 1 JPA repository interface.
2024-06-02 13:38:23 INFO  o.s.b.w.e.tomcat.TomcatWebServer - Tomcat initialized with port 7000 (http)
2024-06-02 13:38:23 INFO  o.a.coyote.http11.Http11NioProtocol - Initializing ProtocolHandler ["http-nio-7000"]
2024-06-02 13:38:23 INFO  o.a.catalina.core.StandardService - Starting service [Tomcat]
2024-06-02 13:38:23 INFO  o.a.catalina.core.StandardEngine - Starting Servlet engine: [Apache Tomcat/10.1.24]
2024-06-02 13:38:23 INFO  o.a.c.c.C.[Tomcat].[localhost].[/] - Initializing Spring embedded WebApplicationContext
2024-06-02 13:38:23 INFO  o.s.b.w.s.c.ServletWebServerApplicationContext - Root WebApplicationContext: initialization completed in 1401 ms
2024-06-02 13:38:23 INFO  o.h.jpa.internal.util.LogHelper - HHH000204: Processing PersistenceUnitInfo [name: default]
2024-06-02 13:38:23 INFO  org.hibernate.Version - HHH000412: Hibernate ORM core version 6.5.2.Final
2024-06-02 13:38:23 INFO  o.h.c.i.RegionFactoryInitiator - HHH000026: Second-level cache disabled
2024-06-02 13:38:24 INFO  o.s.o.j.p.SpringPersistenceUnitInfo - No LoadTimeWeaver setup: ignoring JPA class transformer
2024-06-02 13:38:24 INFO  com.zaxxer.hikari.HikariDataSource - HikariPool-1 - Starting...
2024-06-02 13:38:24 INFO  com.zaxxer.hikari.pool.HikariPool - HikariPool-1 - Added connection org.postgresql.jdbc.PgConnection@586737ff
2024-06-02 13:38:24 INFO  com.zaxxer.hikari.HikariDataSource - HikariPool-1 - Start completed.
2024-06-02 13:38:25 INFO  o.h.e.t.j.p.i.JtaPlatformInitiator - HHH000489: No JTA platform available (set 'hibernate.transaction.jta.platform' to enable JTA platform integration)
2024-06-02 13:38:25 INFO  o.s.o.j.LocalContainerEntityManagerFactoryBean - Initialized JPA EntityManagerFactory for persistence unit 'default'
2024-06-02 13:38:26 WARN  o.s.b.a.o.j.JpaBaseConfiguration$JpaWebConfiguration - spring.jpa.open-in-view is enabled by default. Therefore, database queries may be performed during view rendering. Explicitly configure spring.jpa.open-in-view to disable this warning
2024-06-02 13:38:26 INFO  o.a.coyote.http11.Http11NioProtocol - Starting ProtocolHandler ["http-nio-7000"]
2024-06-02 13:38:26 INFO  o.s.b.w.e.tomcat.TomcatWebServer - Tomcat started on port 7000 (http) with context path '/'
2024-06-02 13:38:26 INFO  c.e.c.CommentServiceApplication - Started CommentServiceApplication in 5.658 seconds (process running for 6.945)
2024-06-02 16:52:05 INFO  c.e.c.CommentServiceApplication - Starting CommentServiceApplication using Java 21.0.2 with PID 31984 (C:\Users\boby\Documents\All materials\java\spring\project_kuliah\comment_service\target\classes started by boby in C:\Users\boby\Documents\All materials\java\spring\project_kuliah\comment_service)
2024-06-02 16:52:05 INFO  c.e.c.CommentServiceApplication - No active profile set, falling back to 1 default profile: "default"
2024-06-02 16:52:05 INFO  o.s.d.r.c.RepositoryConfigurationDelegate - Bootstrapping Spring Data JPA repositories in DEFAULT mode.
2024-06-02 16:52:05 INFO  o.s.d.r.c.RepositoryConfigurationDelegate - Finished Spring Data repository scanning in 46 ms. Found 1 JPA repository interface.
2024-06-02 16:52:06 INFO  o.s.b.w.e.tomcat.TomcatWebServer - Tomcat initialized with port 7000 (http)
2024-06-02 16:52:06 INFO  o.a.coyote.http11.Http11NioProtocol - Initializing ProtocolHandler ["http-nio-7000"]
2024-06-02 16:52:06 INFO  o.a.catalina.core.StandardService - Starting service [Tomcat]
2024-06-02 16:52:06 INFO  o.a.catalina.core.StandardEngine - Starting Servlet engine: [Apache Tomcat/10.1.24]
2024-06-02 16:52:06 INFO  o.a.c.c.C.[Tomcat].[localhost].[/] - Initializing Spring embedded WebApplicationContext
2024-06-02 16:52:06 INFO  o.s.b.w.s.c.ServletWebServerApplicationContext - Root WebApplicationContext: initialization completed in 1029 ms
2024-06-02 16:52:06 INFO  o.h.jpa.internal.util.LogHelper - HHH000204: Processing PersistenceUnitInfo [name: default]
2024-06-02 16:52:06 INFO  org.hibernate.Version - HHH000412: Hibernate ORM core version 6.5.2.Final
2024-06-02 16:52:06 INFO  o.h.c.i.RegionFactoryInitiator - HHH000026: Second-level cache disabled
2024-06-02 16:52:06 INFO  o.s.o.j.p.SpringPersistenceUnitInfo - No LoadTimeWeaver setup: ignoring JPA class transformer
2024-06-02 16:52:06 INFO  com.zaxxer.hikari.HikariDataSource - HikariPool-1 - Starting...
2024-06-02 16:52:06 INFO  com.zaxxer.hikari.pool.HikariPool - HikariPool-1 - Added connection org.postgresql.jdbc.PgConnection@25fd6d1e
2024-06-02 16:52:06 INFO  com.zaxxer.hikari.HikariDataSource - HikariPool-1 - Start completed.
2024-06-02 16:52:07 INFO  o.h.e.t.j.p.i.JtaPlatformInitiator - HHH000489: No JTA platform available (set 'hibernate.transaction.jta.platform' to enable JTA platform integration)
2024-06-02 16:52:08 INFO  o.s.o.j.LocalContainerEntityManagerFactoryBean - Initialized JPA EntityManagerFactory for persistence unit 'default'
2024-06-02 16:52:08 WARN  o.s.b.a.o.j.JpaBaseConfiguration$JpaWebConfiguration - spring.jpa.open-in-view is enabled by default. Therefore, database queries may be performed during view rendering. Explicitly configure spring.jpa.open-in-view to disable this warning
2024-06-02 16:52:08 INFO  o.a.coyote.http11.Http11NioProtocol - Starting ProtocolHandler ["http-nio-7000"]
2024-06-02 16:52:08 INFO  o.s.b.w.e.tomcat.TomcatWebServer - Tomcat started on port 7000 (http) with context path '/'
2024-06-02 16:52:08 INFO  c.e.c.CommentServiceApplication - Started CommentServiceApplication in 3.936 seconds (process running for 4.227)
