2024-06-09 14:30:24 INFO  c.e.c.CommentServiceApplication - Starting CommentServiceApplication using Java 21.0.2 with PID 21588 (C:\Users\boby\Documents\All materials\java\spring\project_kuliah\comment_service\target\classes started by boby in C:\Users\boby\Documents\All materials\java\spring\project_kuliah\comment_service)
2024-06-09 14:30:24 INFO  c.e.c.CommentServiceApplication - No active profile set, falling back to 1 default profile: "default"
2024-06-09 14:30:24 INFO  o.s.d.r.c.RepositoryConfigurationDelegate - Bootstrapping Spring Data JPA repositories in DEFAULT mode.
2024-06-09 14:30:24 INFO  o.s.d.r.c.RepositoryConfigurationDelegate - Finished Spring Data repository scanning in 56 ms. Found 1 JPA repository interface.
2024-06-09 14:30:25 INFO  o.s.b.w.e.tomcat.TomcatWebServer - Tomcat initialized with port 7000 (http)
2024-06-09 14:30:25 INFO  o.a.coyote.http11.Http11NioProtocol - Initializing ProtocolHandler ["http-nio-7000"]
2024-06-09 14:30:25 INFO  o.a.catalina.core.StandardService - Starting service [Tomcat]
2024-06-09 14:30:25 INFO  o.a.catalina.core.StandardEngine - Starting Servlet engine: [Apache Tomcat/10.1.24]
2024-06-09 14:30:25 INFO  o.a.c.c.C.[Tomcat].[localhost].[/] - Initializing Spring embedded WebApplicationContext
2024-06-09 14:30:25 INFO  o.s.b.w.s.c.ServletWebServerApplicationContext - Root WebApplicationContext: initialization completed in 1363 ms
2024-06-09 14:30:25 INFO  o.h.jpa.internal.util.LogHelper - HHH000204: Processing PersistenceUnitInfo [name: default]
2024-06-09 14:30:25 INFO  org.hibernate.Version - HHH000412: Hibernate ORM core version 6.5.2.Final
2024-06-09 14:30:25 INFO  o.h.c.i.RegionFactoryInitiator - HHH000026: Second-level cache disabled
2024-06-09 14:30:26 INFO  o.s.o.j.p.SpringPersistenceUnitInfo - No LoadTimeWeaver setup: ignoring JPA class transformer
2024-06-09 14:30:26 INFO  com.zaxxer.hikari.HikariDataSource - HikariPool-1 - Starting...
2024-06-09 14:30:26 INFO  com.zaxxer.hikari.pool.HikariPool - HikariPool-1 - Added connection org.postgresql.jdbc.PgConnection@56d822dc
2024-06-09 14:30:26 INFO  com.zaxxer.hikari.HikariDataSource - HikariPool-1 - Start completed.
2024-06-09 14:30:27 INFO  o.h.e.t.j.p.i.JtaPlatformInitiator - HHH000489: No JTA platform available (set 'hibernate.transaction.jta.platform' to enable JTA platform integration)
2024-06-09 14:30:27 INFO  o.s.o.j.LocalContainerEntityManagerFactoryBean - Initialized JPA EntityManagerFactory for persistence unit 'default'
2024-06-09 14:30:28 WARN  o.s.b.a.o.j.JpaBaseConfiguration$JpaWebConfiguration - spring.jpa.open-in-view is enabled by default. Therefore, database queries may be performed during view rendering. Explicitly configure spring.jpa.open-in-view to disable this warning
2024-06-09 14:30:28 WARN  o.s.b.w.s.c.AnnotationConfigServletWebServerApplicationContext - Exception encountered during context initialization - cancelling refresh attempt: org.springframework.beans.factory.BeanCreationException: Error creating bean with name 'requestMappingHandlerMapping' defined in class path resource [org/springframework/boot/autoconfigure/web/servlet/WebMvcAutoConfiguration$EnableWebMvcConfiguration.class]: Ambiguous mapping. Cannot map 'commentController' method 
com.example.comment_service.controller.CommentController#getAllComments()
to {GET [/v1/comments]}: There is already 'commentController' bean method
com.example.comment_service.controller.CommentController#getAllComments(Long) mapped.
2024-06-09 14:30:28 INFO  o.s.o.j.LocalContainerEntityManagerFactoryBean - Closing JPA EntityManagerFactory for persistence unit 'default'
2024-06-09 14:30:28 INFO  com.zaxxer.hikari.HikariDataSource - HikariPool-1 - Shutdown initiated...
2024-06-09 14:30:28 INFO  com.zaxxer.hikari.HikariDataSource - HikariPool-1 - Shutdown completed.
2024-06-09 14:30:28 INFO  o.a.catalina.core.StandardService - Stopping service [Tomcat]
2024-06-09 14:30:28 INFO  o.s.b.a.l.ConditionEvaluationReportLogger - 

Error starting ApplicationContext. To display the condition evaluation report re-run your application with 'debug' enabled.
2024-06-09 14:30:28 ERROR o.s.boot.SpringApplication - Application run failed
org.springframework.beans.factory.BeanCreationException: Error creating bean with name 'requestMappingHandlerMapping' defined in class path resource [org/springframework/boot/autoconfigure/web/servlet/WebMvcAutoConfiguration$EnableWebMvcConfiguration.class]: Ambiguous mapping. Cannot map 'commentController' method 
com.example.comment_service.controller.CommentController#getAllComments()
to {GET [/v1/comments]}: There is already 'commentController' bean method
com.example.comment_service.controller.CommentController#getAllComments(Long) mapped.
	at org.springframework.beans.factory.support.AbstractAutowireCapableBeanFactory.initializeBean(AbstractAutowireCapableBeanFactory.java:1788)
	at org.springframework.beans.factory.support.AbstractAutowireCapableBeanFactory.doCreateBean(AbstractAutowireCapableBeanFactory.java:600)
	at org.springframework.beans.factory.support.AbstractAutowireCapableBeanFactory.createBean(AbstractAutowireCapableBeanFactory.java:522)
	at org.springframework.beans.factory.support.AbstractBeanFactory.lambda$doGetBean$0(AbstractBeanFactory.java:337)
	at org.springframework.beans.factory.support.DefaultSingletonBeanRegistry.getSingleton(DefaultSingletonBeanRegistry.java:234)
	at org.springframework.beans.factory.support.AbstractBeanFactory.doGetBean(AbstractBeanFactory.java:335)
	at org.springframework.beans.factory.support.AbstractBeanFactory.getBean(AbstractBeanFactory.java:200)
	at org.springframework.beans.factory.support.DefaultListableBeanFactory.preInstantiateSingletons(DefaultListableBeanFactory.java:975)
	at org.springframework.context.support.AbstractApplicationContext.finishBeanFactoryInitialization(AbstractApplicationContext.java:962)
	at org.springframework.context.support.AbstractApplicationContext.refresh(AbstractApplicationContext.java:624)
	at org.springframework.boot.web.servlet.context.ServletWebServerApplicationContext.refresh(ServletWebServerApplicationContext.java:146)
	at org.springframework.boot.SpringApplication.refresh(SpringApplication.java:754)
	at org.springframework.boot.SpringApplication.refreshContext(SpringApplication.java:456)
	at org.springframework.boot.SpringApplication.run(SpringApplication.java:335)
	at org.springframework.boot.SpringApplication.run(SpringApplication.java:1363)
	at org.springframework.boot.SpringApplication.run(SpringApplication.java:1352)
	at com.example.comment_service.CommentServiceApplication.main(CommentServiceApplication.java:10)
Caused by: java.lang.IllegalStateException: Ambiguous mapping. Cannot map 'commentController' method 
com.example.comment_service.controller.CommentController#getAllComments()
to {GET [/v1/comments]}: There is already 'commentController' bean method
com.example.comment_service.controller.CommentController#getAllComments(Long) mapped.
	at org.springframework.web.servlet.handler.AbstractHandlerMethodMapping$MappingRegistry.validateMethodMapping(AbstractHandlerMethodMapping.java:674)
	at org.springframework.web.servlet.handler.AbstractHandlerMethodMapping$MappingRegistry.register(AbstractHandlerMethodMapping.java:636)
	at org.springframework.web.servlet.handler.AbstractHandlerMethodMapping.registerHandlerMethod(AbstractHandlerMethodMapping.java:331)
	at org.springframework.web.servlet.mvc.method.annotation.RequestMappingHandlerMapping.registerHandlerMethod(RequestMappingHandlerMapping.java:508)
	at org.springframework.web.servlet.mvc.method.annotation.RequestMappingHandlerMapping.registerHandlerMethod(RequestMappingHandlerMapping.java:84)
	at org.springframework.web.servlet.handler.AbstractHandlerMethodMapping.lambda$detectHandlerMethods$2(AbstractHandlerMethodMapping.java:298)
	at java.base/java.util.LinkedHashMap.forEach(LinkedHashMap.java:986)
	at org.springframework.web.servlet.handler.AbstractHandlerMethodMapping.detectHandlerMethods(AbstractHandlerMethodMapping.java:296)
	at org.springframework.web.servlet.handler.AbstractHandlerMethodMapping.processCandidateBean(AbstractHandlerMethodMapping.java:265)
	at org.springframework.web.servlet.handler.AbstractHandlerMethodMapping.initHandlerMethods(AbstractHandlerMethodMapping.java:224)
	at org.springframework.web.servlet.handler.AbstractHandlerMethodMapping.afterPropertiesSet(AbstractHandlerMethodMapping.java:212)
	at org.springframework.web.servlet.mvc.method.annotation.RequestMappingHandlerMapping.afterPropertiesSet(RequestMappingHandlerMapping.java:239)
	at org.springframework.beans.factory.support.AbstractAutowireCapableBeanFactory.invokeInitMethods(AbstractAutowireCapableBeanFactory.java:1835)
	at org.springframework.beans.factory.support.AbstractAutowireCapableBeanFactory.initializeBean(AbstractAutowireCapableBeanFactory.java:1784)
	... 16 common frames omitted
2024-06-09 14:30:57 INFO  c.e.c.CommentServiceApplication - Starting CommentServiceApplication using Java 21.0.2 with PID 28436 (C:\Users\boby\Documents\All materials\java\spring\project_kuliah\comment_service\target\classes started by boby in C:\Users\boby\Documents\All materials\java\spring\project_kuliah\comment_service)
2024-06-09 14:30:57 INFO  c.e.c.CommentServiceApplication - No active profile set, falling back to 1 default profile: "default"
2024-06-09 14:30:58 INFO  o.s.d.r.c.RepositoryConfigurationDelegate - Bootstrapping Spring Data JPA repositories in DEFAULT mode.
2024-06-09 14:30:58 INFO  o.s.d.r.c.RepositoryConfigurationDelegate - Finished Spring Data repository scanning in 56 ms. Found 1 JPA repository interface.
2024-06-09 14:30:58 INFO  o.s.b.w.e.tomcat.TomcatWebServer - Tomcat initialized with port 7000 (http)
2024-06-09 14:30:59 INFO  o.a.coyote.http11.Http11NioProtocol - Initializing ProtocolHandler ["http-nio-7000"]
2024-06-09 14:30:59 INFO  o.a.catalina.core.StandardService - Starting service [Tomcat]
2024-06-09 14:30:59 INFO  o.a.catalina.core.StandardEngine - Starting Servlet engine: [Apache Tomcat/10.1.24]
2024-06-09 14:30:59 INFO  o.a.c.c.C.[Tomcat].[localhost].[/] - Initializing Spring embedded WebApplicationContext
2024-06-09 14:30:59 INFO  o.s.b.w.s.c.ServletWebServerApplicationContext - Root WebApplicationContext: initialization completed in 1645 ms
2024-06-09 14:30:59 INFO  o.h.jpa.internal.util.LogHelper - HHH000204: Processing PersistenceUnitInfo [name: default]
2024-06-09 14:30:59 INFO  org.hibernate.Version - HHH000412: Hibernate ORM core version 6.5.2.Final
2024-06-09 14:30:59 INFO  o.h.c.i.RegionFactoryInitiator - HHH000026: Second-level cache disabled
2024-06-09 14:30:59 INFO  o.s.o.j.p.SpringPersistenceUnitInfo - No LoadTimeWeaver setup: ignoring JPA class transformer
2024-06-09 14:31:00 INFO  com.zaxxer.hikari.HikariDataSource - HikariPool-1 - Starting...
2024-06-09 14:31:00 INFO  com.zaxxer.hikari.pool.HikariPool - HikariPool-1 - Added connection org.postgresql.jdbc.PgConnection@30c01c37
2024-06-09 14:31:00 INFO  com.zaxxer.hikari.HikariDataSource - HikariPool-1 - Start completed.
2024-06-09 14:31:01 INFO  o.h.e.t.j.p.i.JtaPlatformInitiator - HHH000489: No JTA platform available (set 'hibernate.transaction.jta.platform' to enable JTA platform integration)
2024-06-09 14:31:01 INFO  o.s.o.j.LocalContainerEntityManagerFactoryBean - Initialized JPA EntityManagerFactory for persistence unit 'default'
2024-06-09 14:31:02 WARN  o.s.b.a.o.j.JpaBaseConfiguration$JpaWebConfiguration - spring.jpa.open-in-view is enabled by default. Therefore, database queries may be performed during view rendering. Explicitly configure spring.jpa.open-in-view to disable this warning
2024-06-09 14:31:02 INFO  o.a.coyote.http11.Http11NioProtocol - Starting ProtocolHandler ["http-nio-7000"]
2024-06-09 14:31:02 INFO  o.s.b.w.e.tomcat.TomcatWebServer - Tomcat started on port 7000 (http) with context path '/'
2024-06-09 14:31:02 INFO  c.e.c.CommentServiceApplication - Started CommentServiceApplication in 6.124 seconds (process running for 6.657)
2024-06-09 14:31:57 INFO  o.a.c.c.C.[Tomcat].[localhost].[/] - Initializing Spring DispatcherServlet 'dispatcherServlet'
2024-06-09 14:31:57 INFO  o.s.web.servlet.DispatcherServlet - Initializing Servlet 'dispatcherServlet'
2024-06-09 14:31:57 INFO  o.s.web.servlet.DispatcherServlet - Completed initialization in 1 ms
2024-06-09 14:32:58 INFO  o.s.o.j.LocalContainerEntityManagerFactoryBean - Closing JPA EntityManagerFactory for persistence unit 'default'
2024-06-09 14:32:58 INFO  com.zaxxer.hikari.HikariDataSource - HikariPool-1 - Shutdown initiated...
2024-06-09 14:32:58 INFO  com.zaxxer.hikari.HikariDataSource - HikariPool-1 - Shutdown completed.
2024-06-09 14:33:07 INFO  c.e.c.CommentServiceApplication - Starting CommentServiceApplication using Java 21.0.2 with PID 32252 (C:\Users\boby\Documents\All materials\java\spring\project_kuliah\comment_service\target\classes started by boby in C:\Users\boby\Documents\All materials\java\spring\project_kuliah\comment_service)
2024-06-09 14:33:07 INFO  c.e.c.CommentServiceApplication - No active profile set, falling back to 1 default profile: "default"
2024-06-09 14:33:07 INFO  o.s.d.r.c.RepositoryConfigurationDelegate - Bootstrapping Spring Data JPA repositories in DEFAULT mode.
2024-06-09 14:33:07 INFO  o.s.d.r.c.RepositoryConfigurationDelegate - Finished Spring Data repository scanning in 48 ms. Found 1 JPA repository interface.
2024-06-09 14:33:08 INFO  o.s.b.w.e.tomcat.TomcatWebServer - Tomcat initialized with port 7000 (http)
2024-06-09 14:33:08 INFO  o.a.coyote.http11.Http11NioProtocol - Initializing ProtocolHandler ["http-nio-7000"]
2024-06-09 14:33:08 INFO  o.a.catalina.core.StandardService - Starting service [Tomcat]
2024-06-09 14:33:08 INFO  o.a.catalina.core.StandardEngine - Starting Servlet engine: [Apache Tomcat/10.1.24]
2024-06-09 14:33:08 INFO  o.a.c.c.C.[Tomcat].[localhost].[/] - Initializing Spring embedded WebApplicationContext
2024-06-09 14:33:08 INFO  o.s.b.w.s.c.ServletWebServerApplicationContext - Root WebApplicationContext: initialization completed in 1360 ms
2024-06-09 14:33:08 INFO  o.h.jpa.internal.util.LogHelper - HHH000204: Processing PersistenceUnitInfo [name: default]
2024-06-09 14:33:09 INFO  org.hibernate.Version - HHH000412: Hibernate ORM core version 6.5.2.Final
2024-06-09 14:33:09 INFO  o.h.c.i.RegionFactoryInitiator - HHH000026: Second-level cache disabled
2024-06-09 14:33:09 INFO  o.s.o.j.p.SpringPersistenceUnitInfo - No LoadTimeWeaver setup: ignoring JPA class transformer
2024-06-09 14:33:09 INFO  com.zaxxer.hikari.HikariDataSource - HikariPool-1 - Starting...
2024-06-09 14:33:09 INFO  com.zaxxer.hikari.pool.HikariPool - HikariPool-1 - Added connection org.postgresql.jdbc.PgConnection@39a7eca5
2024-06-09 14:33:09 INFO  com.zaxxer.hikari.HikariDataSource - HikariPool-1 - Start completed.
2024-06-09 14:33:10 INFO  o.h.e.t.j.p.i.JtaPlatformInitiator - HHH000489: No JTA platform available (set 'hibernate.transaction.jta.platform' to enable JTA platform integration)
2024-06-09 14:33:10 INFO  o.s.o.j.LocalContainerEntityManagerFactoryBean - Initialized JPA EntityManagerFactory for persistence unit 'default'
2024-06-09 14:33:11 WARN  o.s.b.a.o.j.JpaBaseConfiguration$JpaWebConfiguration - spring.jpa.open-in-view is enabled by default. Therefore, database queries may be performed during view rendering. Explicitly configure spring.jpa.open-in-view to disable this warning
2024-06-09 14:33:11 INFO  o.a.coyote.http11.Http11NioProtocol - Starting ProtocolHandler ["http-nio-7000"]
2024-06-09 14:33:11 INFO  o.s.b.w.e.tomcat.TomcatWebServer - Tomcat started on port 7000 (http) with context path '/'
2024-06-09 14:33:11 INFO  c.e.c.CommentServiceApplication - Started CommentServiceApplication in 4.875 seconds (process running for 5.331)
2024-06-09 14:33:24 INFO  o.a.c.c.C.[Tomcat].[localhost].[/] - Initializing Spring DispatcherServlet 'dispatcherServlet'
2024-06-09 14:33:24 INFO  o.s.web.servlet.DispatcherServlet - Initializing Servlet 'dispatcherServlet'
2024-06-09 14:33:24 INFO  o.s.web.servlet.DispatcherServlet - Completed initialization in 1 ms
2024-06-09 14:36:31 INFO  o.s.o.j.LocalContainerEntityManagerFactoryBean - Closing JPA EntityManagerFactory for persistence unit 'default'
2024-06-09 14:36:31 INFO  com.zaxxer.hikari.HikariDataSource - HikariPool-1 - Shutdown initiated...
2024-06-09 14:36:31 INFO  com.zaxxer.hikari.HikariDataSource - HikariPool-1 - Shutdown completed.
2024-06-09 14:36:39 INFO  c.e.c.CommentServiceApplication - Starting CommentServiceApplication using Java 21.0.2 with PID 32492 (C:\Users\boby\Documents\All materials\java\spring\project_kuliah\comment_service\target\classes started by boby in C:\Users\boby\Documents\All materials\java\spring\project_kuliah\comment_service)
2024-06-09 14:36:39 INFO  c.e.c.CommentServiceApplication - No active profile set, falling back to 1 default profile: "default"
2024-06-09 14:36:40 INFO  o.s.d.r.c.RepositoryConfigurationDelegate - Bootstrapping Spring Data JPA repositories in DEFAULT mode.
2024-06-09 14:36:40 INFO  o.s.d.r.c.RepositoryConfigurationDelegate - Finished Spring Data repository scanning in 48 ms. Found 1 JPA repository interface.
2024-06-09 14:36:41 INFO  o.s.b.w.e.tomcat.TomcatWebServer - Tomcat initialized with port 7000 (http)
2024-06-09 14:36:41 INFO  o.a.coyote.http11.Http11NioProtocol - Initializing ProtocolHandler ["http-nio-7000"]
2024-06-09 14:36:41 INFO  o.a.catalina.core.StandardService - Starting service [Tomcat]
2024-06-09 14:36:41 INFO  o.a.catalina.core.StandardEngine - Starting Servlet engine: [Apache Tomcat/10.1.24]
2024-06-09 14:36:41 INFO  o.a.c.c.C.[Tomcat].[localhost].[/] - Initializing Spring embedded WebApplicationContext
2024-06-09 14:36:41 INFO  o.s.b.w.s.c.ServletWebServerApplicationContext - Root WebApplicationContext: initialization completed in 1142 ms
2024-06-09 14:36:41 INFO  o.h.jpa.internal.util.LogHelper - HHH000204: Processing PersistenceUnitInfo [name: default]
2024-06-09 14:36:41 INFO  org.hibernate.Version - HHH000412: Hibernate ORM core version 6.5.2.Final
2024-06-09 14:36:41 INFO  o.h.c.i.RegionFactoryInitiator - HHH000026: Second-level cache disabled
2024-06-09 14:36:41 INFO  o.s.o.j.p.SpringPersistenceUnitInfo - No LoadTimeWeaver setup: ignoring JPA class transformer
2024-06-09 14:36:41 INFO  com.zaxxer.hikari.HikariDataSource - HikariPool-1 - Starting...
2024-06-09 14:36:41 INFO  com.zaxxer.hikari.pool.HikariPool - HikariPool-1 - Added connection org.postgresql.jdbc.PgConnection@7e5e6573
2024-06-09 14:36:41 INFO  com.zaxxer.hikari.HikariDataSource - HikariPool-1 - Start completed.
2024-06-09 14:36:42 INFO  o.h.e.t.j.p.i.JtaPlatformInitiator - HHH000489: No JTA platform available (set 'hibernate.transaction.jta.platform' to enable JTA platform integration)
2024-06-09 14:36:43 INFO  o.s.o.j.LocalContainerEntityManagerFactoryBean - Initialized JPA EntityManagerFactory for persistence unit 'default'
2024-06-09 14:36:43 WARN  o.s.b.a.o.j.JpaBaseConfiguration$JpaWebConfiguration - spring.jpa.open-in-view is enabled by default. Therefore, database queries may be performed during view rendering. Explicitly configure spring.jpa.open-in-view to disable this warning
2024-06-09 14:36:43 INFO  o.a.coyote.http11.Http11NioProtocol - Starting ProtocolHandler ["http-nio-7000"]
2024-06-09 14:36:43 INFO  o.s.b.w.e.tomcat.TomcatWebServer - Tomcat started on port 7000 (http) with context path '/'
2024-06-09 14:36:43 INFO  c.e.c.CommentServiceApplication - Started CommentServiceApplication in 4.401 seconds (process running for 4.753)
2024-06-09 14:36:45 INFO  o.a.c.c.C.[Tomcat].[localhost].[/] - Initializing Spring DispatcherServlet 'dispatcherServlet'
2024-06-09 14:36:45 INFO  o.s.web.servlet.DispatcherServlet - Initializing Servlet 'dispatcherServlet'
2024-06-09 14:36:45 INFO  o.s.web.servlet.DispatcherServlet - Completed initialization in 1 ms
2024-06-09 14:41:56 INFO  o.s.o.j.LocalContainerEntityManagerFactoryBean - Closing JPA EntityManagerFactory for persistence unit 'default'
2024-06-09 14:41:56 INFO  com.zaxxer.hikari.HikariDataSource - HikariPool-1 - Shutdown initiated...
2024-06-09 14:41:56 INFO  com.zaxxer.hikari.HikariDataSource - HikariPool-1 - Shutdown completed.
2024-06-09 14:42:03 INFO  c.e.c.CommentServiceApplication - Starting CommentServiceApplication using Java 21.0.2 with PID 32532 (C:\Users\boby\Documents\All materials\java\spring\project_kuliah\comment_service\target\classes started by boby in C:\Users\boby\Documents\All materials\java\spring\project_kuliah\comment_service)
2024-06-09 14:42:03 INFO  c.e.c.CommentServiceApplication - No active profile set, falling back to 1 default profile: "default"
2024-06-09 14:42:04 INFO  o.s.d.r.c.RepositoryConfigurationDelegate - Bootstrapping Spring Data JPA repositories in DEFAULT mode.
2024-06-09 14:42:04 INFO  o.s.d.r.c.RepositoryConfigurationDelegate - Finished Spring Data repository scanning in 51 ms. Found 1 JPA repository interface.
2024-06-09 14:42:05 INFO  o.s.b.w.e.tomcat.TomcatWebServer - Tomcat initialized with port 7000 (http)
2024-06-09 14:42:05 INFO  o.a.coyote.http11.Http11NioProtocol - Initializing ProtocolHandler ["http-nio-7000"]
2024-06-09 14:42:05 INFO  o.a.catalina.core.StandardService - Starting service [Tomcat]
2024-06-09 14:42:05 INFO  o.a.catalina.core.StandardEngine - Starting Servlet engine: [Apache Tomcat/10.1.24]
2024-06-09 14:42:05 INFO  o.a.c.c.C.[Tomcat].[localhost].[/] - Initializing Spring embedded WebApplicationContext
2024-06-09 14:42:05 INFO  o.s.b.w.s.c.ServletWebServerApplicationContext - Root WebApplicationContext: initialization completed in 1337 ms
2024-06-09 14:42:05 INFO  o.h.jpa.internal.util.LogHelper - HHH000204: Processing PersistenceUnitInfo [name: default]
2024-06-09 14:42:05 INFO  org.hibernate.Version - HHH000412: Hibernate ORM core version 6.5.2.Final
2024-06-09 14:42:05 INFO  o.h.c.i.RegionFactoryInitiator - HHH000026: Second-level cache disabled
2024-06-09 14:42:05 INFO  o.s.o.j.p.SpringPersistenceUnitInfo - No LoadTimeWeaver setup: ignoring JPA class transformer
2024-06-09 14:42:05 INFO  com.zaxxer.hikari.HikariDataSource - HikariPool-1 - Starting...
2024-06-09 14:42:06 INFO  com.zaxxer.hikari.pool.HikariPool - HikariPool-1 - Added connection org.postgresql.jdbc.PgConnection@3005623b
2024-06-09 14:42:06 INFO  com.zaxxer.hikari.HikariDataSource - HikariPool-1 - Start completed.
2024-06-09 14:42:06 INFO  o.h.e.t.j.p.i.JtaPlatformInitiator - HHH000489: No JTA platform available (set 'hibernate.transaction.jta.platform' to enable JTA platform integration)
2024-06-09 14:42:06 INFO  o.s.o.j.LocalContainerEntityManagerFactoryBean - Initialized JPA EntityManagerFactory for persistence unit 'default'
2024-06-09 14:42:07 WARN  o.s.b.a.o.j.JpaBaseConfiguration$JpaWebConfiguration - spring.jpa.open-in-view is enabled by default. Therefore, database queries may be performed during view rendering. Explicitly configure spring.jpa.open-in-view to disable this warning
2024-06-09 14:42:07 INFO  o.a.coyote.http11.Http11NioProtocol - Starting ProtocolHandler ["http-nio-7000"]
2024-06-09 14:42:07 INFO  o.s.b.w.e.tomcat.TomcatWebServer - Tomcat started on port 7000 (http) with context path '/'
2024-06-09 14:42:07 INFO  c.e.c.CommentServiceApplication - Started CommentServiceApplication in 4.522 seconds (process running for 4.923)
2024-06-09 14:42:09 INFO  o.a.c.c.C.[Tomcat].[localhost].[/] - Initializing Spring DispatcherServlet 'dispatcherServlet'
2024-06-09 14:42:09 INFO  o.s.web.servlet.DispatcherServlet - Initializing Servlet 'dispatcherServlet'
2024-06-09 14:42:09 INFO  o.s.web.servlet.DispatcherServlet - Completed initialization in 1 ms
2024-06-09 14:45:17 INFO  o.s.o.j.LocalContainerEntityManagerFactoryBean - Closing JPA EntityManagerFactory for persistence unit 'default'
2024-06-09 14:45:17 INFO  com.zaxxer.hikari.HikariDataSource - HikariPool-1 - Shutdown initiated...
2024-06-09 14:45:17 INFO  com.zaxxer.hikari.HikariDataSource - HikariPool-1 - Shutdown completed.
2024-06-09 14:45:25 INFO  c.e.c.CommentServiceApplication - Starting CommentServiceApplication using Java 21.0.2 with PID 31944 (C:\Users\boby\Documents\All materials\java\spring\project_kuliah\comment_service\target\classes started by boby in C:\Users\boby\Documents\All materials\java\spring\project_kuliah\comment_service)
2024-06-09 14:45:25 INFO  c.e.c.CommentServiceApplication - No active profile set, falling back to 1 default profile: "default"
2024-06-09 14:45:26 INFO  o.s.d.r.c.RepositoryConfigurationDelegate - Bootstrapping Spring Data JPA repositories in DEFAULT mode.
2024-06-09 14:45:26 INFO  o.s.d.r.c.RepositoryConfigurationDelegate - Finished Spring Data repository scanning in 50 ms. Found 1 JPA repository interface.
2024-06-09 14:45:26 INFO  o.s.b.w.e.tomcat.TomcatWebServer - Tomcat initialized with port 7000 (http)
2024-06-09 14:45:26 INFO  o.a.coyote.http11.Http11NioProtocol - Initializing ProtocolHandler ["http-nio-7000"]
2024-06-09 14:45:26 INFO  o.a.catalina.core.StandardService - Starting service [Tomcat]
2024-06-09 14:45:26 INFO  o.a.catalina.core.StandardEngine - Starting Servlet engine: [Apache Tomcat/10.1.24]
2024-06-09 14:45:26 INFO  o.a.c.c.C.[Tomcat].[localhost].[/] - Initializing Spring embedded WebApplicationContext
2024-06-09 14:45:26 INFO  o.s.b.w.s.c.ServletWebServerApplicationContext - Root WebApplicationContext: initialization completed in 1240 ms
2024-06-09 14:45:27 INFO  o.h.jpa.internal.util.LogHelper - HHH000204: Processing PersistenceUnitInfo [name: default]
2024-06-09 14:45:27 INFO  org.hibernate.Version - HHH000412: Hibernate ORM core version 6.5.2.Final
2024-06-09 14:45:27 INFO  o.h.c.i.RegionFactoryInitiator - HHH000026: Second-level cache disabled
2024-06-09 14:45:27 INFO  o.s.o.j.p.SpringPersistenceUnitInfo - No LoadTimeWeaver setup: ignoring JPA class transformer
2024-06-09 14:45:27 INFO  com.zaxxer.hikari.HikariDataSource - HikariPool-1 - Starting...
2024-06-09 14:45:27 INFO  com.zaxxer.hikari.pool.HikariPool - HikariPool-1 - Added connection org.postgresql.jdbc.PgConnection@577f9dfd
2024-06-09 14:45:27 INFO  com.zaxxer.hikari.HikariDataSource - HikariPool-1 - Start completed.
2024-06-09 14:45:28 INFO  o.h.e.t.j.p.i.JtaPlatformInitiator - HHH000489: No JTA platform available (set 'hibernate.transaction.jta.platform' to enable JTA platform integration)
2024-06-09 14:45:28 INFO  o.s.o.j.LocalContainerEntityManagerFactoryBean - Initialized JPA EntityManagerFactory for persistence unit 'default'
2024-06-09 14:45:28 WARN  o.s.b.a.o.j.JpaBaseConfiguration$JpaWebConfiguration - spring.jpa.open-in-view is enabled by default. Therefore, database queries may be performed during view rendering. Explicitly configure spring.jpa.open-in-view to disable this warning
2024-06-09 14:45:29 INFO  o.a.coyote.http11.Http11NioProtocol - Starting ProtocolHandler ["http-nio-7000"]
2024-06-09 14:45:29 INFO  o.s.b.w.e.tomcat.TomcatWebServer - Tomcat started on port 7000 (http) with context path '/'
2024-06-09 14:45:29 INFO  c.e.c.CommentServiceApplication - Started CommentServiceApplication in 4.272 seconds (process running for 4.6)
2024-06-09 14:45:42 INFO  o.a.c.c.C.[Tomcat].[localhost].[/] - Initializing Spring DispatcherServlet 'dispatcherServlet'
2024-06-09 14:45:42 INFO  o.s.web.servlet.DispatcherServlet - Initializing Servlet 'dispatcherServlet'
2024-06-09 14:45:42 INFO  o.s.web.servlet.DispatcherServlet - Completed initialization in 1 ms
2024-06-09 14:47:22 INFO  o.s.o.j.LocalContainerEntityManagerFactoryBean - Closing JPA EntityManagerFactory for persistence unit 'default'
2024-06-09 14:47:22 INFO  com.zaxxer.hikari.HikariDataSource - HikariPool-1 - Shutdown initiated...
2024-06-09 14:47:22 INFO  com.zaxxer.hikari.HikariDataSource - HikariPool-1 - Shutdown completed.
2024-06-09 14:47:30 INFO  c.e.c.CommentServiceApplication - Starting CommentServiceApplication using Java 21.0.2 with PID 1788 (C:\Users\boby\Documents\All materials\java\spring\project_kuliah\comment_service\target\classes started by boby in C:\Users\boby\Documents\All materials\java\spring\project_kuliah\comment_service)
2024-06-09 14:47:30 INFO  c.e.c.CommentServiceApplication - No active profile set, falling back to 1 default profile: "default"
2024-06-09 14:47:31 INFO  o.s.d.r.c.RepositoryConfigurationDelegate - Bootstrapping Spring Data JPA repositories in DEFAULT mode.
2024-06-09 14:47:31 INFO  o.s.d.r.c.RepositoryConfigurationDelegate - Finished Spring Data repository scanning in 60 ms. Found 1 JPA repository interface.
2024-06-09 14:47:32 INFO  o.s.b.w.e.tomcat.TomcatWebServer - Tomcat initialized with port 7000 (http)
2024-06-09 14:47:32 INFO  o.a.coyote.http11.Http11NioProtocol - Initializing ProtocolHandler ["http-nio-7000"]
2024-06-09 14:47:32 INFO  o.a.catalina.core.StandardService - Starting service [Tomcat]
2024-06-09 14:47:32 INFO  o.a.catalina.core.StandardEngine - Starting Servlet engine: [Apache Tomcat/10.1.24]
2024-06-09 14:47:32 INFO  o.a.c.c.C.[Tomcat].[localhost].[/] - Initializing Spring embedded WebApplicationContext
2024-06-09 14:47:32 INFO  o.s.b.w.s.c.ServletWebServerApplicationContext - Root WebApplicationContext: initialization completed in 1456 ms
2024-06-09 14:47:32 INFO  o.h.jpa.internal.util.LogHelper - HHH000204: Processing PersistenceUnitInfo [name: default]
2024-06-09 14:47:32 INFO  org.hibernate.Version - HHH000412: Hibernate ORM core version 6.5.2.Final
2024-06-09 14:47:32 INFO  o.h.c.i.RegionFactoryInitiator - HHH000026: Second-level cache disabled
2024-06-09 14:47:32 INFO  o.s.o.j.p.SpringPersistenceUnitInfo - No LoadTimeWeaver setup: ignoring JPA class transformer
2024-06-09 14:47:32 INFO  com.zaxxer.hikari.HikariDataSource - HikariPool-1 - Starting...
2024-06-09 14:47:33 INFO  com.zaxxer.hikari.pool.HikariPool - HikariPool-1 - Added connection org.postgresql.jdbc.PgConnection@156cfa20
2024-06-09 14:47:33 INFO  com.zaxxer.hikari.HikariDataSource - HikariPool-1 - Start completed.
2024-06-09 14:47:34 INFO  o.h.e.t.j.p.i.JtaPlatformInitiator - HHH000489: No JTA platform available (set 'hibernate.transaction.jta.platform' to enable JTA platform integration)
2024-06-09 14:47:34 INFO  o.s.o.j.LocalContainerEntityManagerFactoryBean - Initialized JPA EntityManagerFactory for persistence unit 'default'
2024-06-09 14:47:34 WARN  o.s.b.a.o.j.JpaBaseConfiguration$JpaWebConfiguration - spring.jpa.open-in-view is enabled by default. Therefore, database queries may be performed during view rendering. Explicitly configure spring.jpa.open-in-view to disable this warning
2024-06-09 14:47:35 INFO  o.a.coyote.http11.Http11NioProtocol - Starting ProtocolHandler ["http-nio-7000"]
2024-06-09 14:47:35 INFO  o.s.b.w.e.tomcat.TomcatWebServer - Tomcat started on port 7000 (http) with context path '/'
2024-06-09 14:47:35 INFO  c.e.c.CommentServiceApplication - Started CommentServiceApplication in 5.442 seconds (process running for 5.854)
2024-06-09 14:47:45 INFO  o.a.c.c.C.[Tomcat].[localhost].[/] - Initializing Spring DispatcherServlet 'dispatcherServlet'
2024-06-09 14:47:45 INFO  o.s.web.servlet.DispatcherServlet - Initializing Servlet 'dispatcherServlet'
2024-06-09 14:47:45 INFO  o.s.web.servlet.DispatcherServlet - Completed initialization in 1 ms
2024-06-09 14:47:46 INFO  c.e.c.service.CommentService - data : 
2024-06-09 14:47:46 INFO  c.e.c.service.CommentService - Response(success=false, message=Not found, data=null)
2024-06-09 14:47:46 INFO  c.e.c.service.CommentService - data : 
2024-06-09 14:47:46 INFO  c.e.c.service.CommentService - Response(success=false, message=Not found, data=null)
2024-06-09 14:47:47 INFO  c.e.c.service.CommentService - data : 
2024-06-09 14:47:47 INFO  c.e.c.service.CommentService - Response(success=false, message=Not found, data=null)
2024-06-09 14:47:47 INFO  c.e.c.service.CommentService - data : 
2024-06-09 14:47:47 INFO  c.e.c.service.CommentService - Response(success=false, message=Not found, data=null)
2024-06-09 14:47:47 INFO  c.e.c.service.CommentService - data : 
2024-06-09 14:47:47 INFO  c.e.c.service.CommentService - Response(success=false, message=Not found, data=null)
2024-06-09 14:47:48 INFO  c.e.c.service.CommentService - data : 
2024-06-09 14:47:48 INFO  c.e.c.service.CommentService - Response(success=false, message=Not found, data=null)
2024-06-09 14:47:48 INFO  c.e.c.service.CommentService - data : 
2024-06-09 14:47:48 INFO  c.e.c.service.CommentService - Response(success=false, message=Not found, data=null)
2024-06-09 14:47:48 INFO  c.e.c.service.CommentService - data : 
2024-06-09 14:47:48 INFO  c.e.c.service.CommentService - Response(success=true, message=News by id, data=News(id=1, title=Paris Hilton enjoys fun dip in the pool with son Phoenix: Watch, content=Paris Hilton recently offered a glimpse into her son Pheonix’s swimming sessions during her Hawaii vacation.

The DJ and heiress, who shares her 16-month-old son and daughter with husband Carter Reum, shared an adventurous video on the social media giant TikTok on Sunday, May 26.

n the viral video, the 43-year-old was spotted swimming with her son during their Hawaii vacation.

Conversing with her little one Hilton was heard exclaiming to her son, "Go!".

The mother-of-two, who sported a black bikini and black netted top, carefully witnessed her son while he splashed his hands in the water.

The TV personality couldn’t help but glee at Phoenix’s beaming smile, noting: "There we go under the tunnel, kicking."

Wrapped in his mother’s arms, Phoenix screamed in excitement.

Reum chimed in from behind the camera and exclaimed, "Yeah!"

Paris dropped the adorable video alongside a caption that read: "Adventures with Baby P."

In addition, she also shared the clip on her Instagram Stories with the caption: "Reliving my childhood at @grandwailea @waldorfastoria @hilton."

The Paris in Love star later shared another photo from their tropical getaway on TikTok with her baby boy.

Source : thenews.com, image_url=https://www.thenews.com.pk/assets/uploads/updates/2024-05-27/l_1193811_033249_updates.jpg, category=Entertaiment))
2024-06-09 14:47:48 INFO  c.e.c.service.CommentService - data : 
2024-06-09 14:47:48 INFO  c.e.c.service.CommentService - Response(success=false, message=Not found, data=null)
2024-06-09 14:47:49 INFO  c.e.c.service.CommentService - data : 
2024-06-09 14:47:49 INFO  c.e.c.service.CommentService - Response(success=true, message=News by id, data=News(id=1, title=Paris Hilton enjoys fun dip in the pool with son Phoenix: Watch, content=Paris Hilton recently offered a glimpse into her son Pheonix’s swimming sessions during her Hawaii vacation.

The DJ and heiress, who shares her 16-month-old son and daughter with husband Carter Reum, shared an adventurous video on the social media giant TikTok on Sunday, May 26.

n the viral video, the 43-year-old was spotted swimming with her son during their Hawaii vacation.

Conversing with her little one Hilton was heard exclaiming to her son, "Go!".

The mother-of-two, who sported a black bikini and black netted top, carefully witnessed her son while he splashed his hands in the water.

The TV personality couldn’t help but glee at Phoenix’s beaming smile, noting: "There we go under the tunnel, kicking."

Wrapped in his mother’s arms, Phoenix screamed in excitement.

Reum chimed in from behind the camera and exclaimed, "Yeah!"

Paris dropped the adorable video alongside a caption that read: "Adventures with Baby P."

In addition, she also shared the clip on her Instagram Stories with the caption: "Reliving my childhood at @grandwailea @waldorfastoria @hilton."

The Paris in Love star later shared another photo from their tropical getaway on TikTok with her baby boy.

Source : thenews.com, image_url=https://www.thenews.com.pk/assets/uploads/updates/2024-05-27/l_1193811_033249_updates.jpg, category=Entertaiment))
2024-06-09 14:47:49 INFO  c.e.c.service.CommentService - data : 
2024-06-09 14:47:49 INFO  c.e.c.service.CommentService - Response(success=true, message=News by id, data=News(id=1, title=Paris Hilton enjoys fun dip in the pool with son Phoenix: Watch, content=Paris Hilton recently offered a glimpse into her son Pheonix’s swimming sessions during her Hawaii vacation.

The DJ and heiress, who shares her 16-month-old son and daughter with husband Carter Reum, shared an adventurous video on the social media giant TikTok on Sunday, May 26.

n the viral video, the 43-year-old was spotted swimming with her son during their Hawaii vacation.

Conversing with her little one Hilton was heard exclaiming to her son, "Go!".

The mother-of-two, who sported a black bikini and black netted top, carefully witnessed her son while he splashed his hands in the water.

The TV personality couldn’t help but glee at Phoenix’s beaming smile, noting: "There we go under the tunnel, kicking."

Wrapped in his mother’s arms, Phoenix screamed in excitement.

Reum chimed in from behind the camera and exclaimed, "Yeah!"

Paris dropped the adorable video alongside a caption that read: "Adventures with Baby P."

In addition, she also shared the clip on her Instagram Stories with the caption: "Reliving my childhood at @grandwailea @waldorfastoria @hilton."

The Paris in Love star later shared another photo from their tropical getaway on TikTok with her baby boy.

Source : thenews.com, image_url=https://www.thenews.com.pk/assets/uploads/updates/2024-05-27/l_1193811_033249_updates.jpg, category=Entertaiment))
2024-06-09 14:47:49 INFO  c.e.c.service.CommentService - data : 
2024-06-09 14:47:49 INFO  c.e.c.service.CommentService - Response(success=true, message=News by id, data=News(id=1, title=Paris Hilton enjoys fun dip in the pool with son Phoenix: Watch, content=Paris Hilton recently offered a glimpse into her son Pheonix’s swimming sessions during her Hawaii vacation.

The DJ and heiress, who shares her 16-month-old son and daughter with husband Carter Reum, shared an adventurous video on the social media giant TikTok on Sunday, May 26.

n the viral video, the 43-year-old was spotted swimming with her son during their Hawaii vacation.

Conversing with her little one Hilton was heard exclaiming to her son, "Go!".

The mother-of-two, who sported a black bikini and black netted top, carefully witnessed her son while he splashed his hands in the water.

The TV personality couldn’t help but glee at Phoenix’s beaming smile, noting: "There we go under the tunnel, kicking."

Wrapped in his mother’s arms, Phoenix screamed in excitement.

Reum chimed in from behind the camera and exclaimed, "Yeah!"

Paris dropped the adorable video alongside a caption that read: "Adventures with Baby P."

In addition, she also shared the clip on her Instagram Stories with the caption: "Reliving my childhood at @grandwailea @waldorfastoria @hilton."

The Paris in Love star later shared another photo from their tropical getaway on TikTok with her baby boy.

Source : thenews.com, image_url=https://www.thenews.com.pk/assets/uploads/updates/2024-05-27/l_1193811_033249_updates.jpg, category=Entertaiment))
2024-06-09 14:48:11 INFO  o.s.o.j.LocalContainerEntityManagerFactoryBean - Closing JPA EntityManagerFactory for persistence unit 'default'
2024-06-09 14:48:11 INFO  com.zaxxer.hikari.HikariDataSource - HikariPool-1 - Shutdown initiated...
2024-06-09 14:48:11 INFO  com.zaxxer.hikari.HikariDataSource - HikariPool-1 - Shutdown completed.
2024-06-09 14:57:25 INFO  c.e.c.CommentServiceApplication - Starting CommentServiceApplication using Java 21.0.2 with PID 31024 (C:\Users\boby\Documents\All materials\java\spring\project_kuliah\comment_service\target\classes started by boby in C:\Users\boby\Documents\All materials\java\spring\project_kuliah\comment_service)
2024-06-09 14:57:25 INFO  c.e.c.CommentServiceApplication - No active profile set, falling back to 1 default profile: "default"
2024-06-09 14:57:26 INFO  o.s.d.r.c.RepositoryConfigurationDelegate - Bootstrapping Spring Data JPA repositories in DEFAULT mode.
2024-06-09 14:57:26 INFO  o.s.d.r.c.RepositoryConfigurationDelegate - Finished Spring Data repository scanning in 55 ms. Found 1 JPA repository interface.
2024-06-09 14:57:27 INFO  o.s.b.w.e.tomcat.TomcatWebServer - Tomcat initialized with port 7000 (http)
2024-06-09 14:57:27 INFO  o.a.coyote.http11.Http11NioProtocol - Initializing ProtocolHandler ["http-nio-7000"]
2024-06-09 14:57:27 INFO  o.a.catalina.core.StandardService - Starting service [Tomcat]
2024-06-09 14:57:27 INFO  o.a.catalina.core.StandardEngine - Starting Servlet engine: [Apache Tomcat/10.1.24]
2024-06-09 14:57:27 INFO  o.a.c.c.C.[Tomcat].[localhost].[/] - Initializing Spring embedded WebApplicationContext
2024-06-09 14:57:27 INFO  o.s.b.w.s.c.ServletWebServerApplicationContext - Root WebApplicationContext: initialization completed in 1378 ms
2024-06-09 14:57:27 INFO  o.h.jpa.internal.util.LogHelper - HHH000204: Processing PersistenceUnitInfo [name: default]
2024-06-09 14:57:27 INFO  org.hibernate.Version - HHH000412: Hibernate ORM core version 6.5.2.Final
2024-06-09 14:57:27 INFO  o.h.c.i.RegionFactoryInitiator - HHH000026: Second-level cache disabled
2024-06-09 14:57:27 INFO  o.s.o.j.p.SpringPersistenceUnitInfo - No LoadTimeWeaver setup: ignoring JPA class transformer
2024-06-09 14:57:27 INFO  com.zaxxer.hikari.HikariDataSource - HikariPool-1 - Starting...
2024-06-09 14:57:27 INFO  com.zaxxer.hikari.pool.HikariPool - HikariPool-1 - Added connection org.postgresql.jdbc.PgConnection@58aa5c94
2024-06-09 14:57:27 INFO  com.zaxxer.hikari.HikariDataSource - HikariPool-1 - Start completed.
2024-06-09 14:57:28 INFO  o.h.e.t.j.p.i.JtaPlatformInitiator - HHH000489: No JTA platform available (set 'hibernate.transaction.jta.platform' to enable JTA platform integration)
2024-06-09 14:57:29 INFO  o.s.o.j.LocalContainerEntityManagerFactoryBean - Initialized JPA EntityManagerFactory for persistence unit 'default'
2024-06-09 14:57:29 WARN  o.s.b.a.o.j.JpaBaseConfiguration$JpaWebConfiguration - spring.jpa.open-in-view is enabled by default. Therefore, database queries may be performed during view rendering. Explicitly configure spring.jpa.open-in-view to disable this warning
2024-06-09 14:57:29 INFO  o.a.coyote.http11.Http11NioProtocol - Starting ProtocolHandler ["http-nio-7000"]
2024-06-09 14:57:29 INFO  o.s.b.w.e.tomcat.TomcatWebServer - Tomcat started on port 7000 (http) with context path '/'
2024-06-09 14:57:29 INFO  c.e.c.CommentServiceApplication - Started CommentServiceApplication in 4.588 seconds (process running for 5.062)
2024-06-09 15:01:12 INFO  o.a.c.c.C.[Tomcat].[localhost].[/] - Initializing Spring DispatcherServlet 'dispatcherServlet'
2024-06-09 15:01:12 INFO  o.s.web.servlet.DispatcherServlet - Initializing Servlet 'dispatcherServlet'
2024-06-09 15:01:12 INFO  o.s.web.servlet.DispatcherServlet - Completed initialization in 1 ms
2024-06-09 15:03:58 INFO  o.s.o.j.LocalContainerEntityManagerFactoryBean - Closing JPA EntityManagerFactory for persistence unit 'default'
2024-06-09 15:03:58 INFO  com.zaxxer.hikari.HikariDataSource - HikariPool-1 - Shutdown initiated...
2024-06-09 15:03:58 INFO  com.zaxxer.hikari.HikariDataSource - HikariPool-1 - Shutdown completed.
