2024-06-08 23:18:36 INFO  c.e.c.CommentServiceApplication - Starting CommentServiceApplication using Java 21.0.2 with PID 29068 (C:\Users\boby\Documents\All materials\java\spring\project_kuliah\comment_service\target\classes started by boby in C:\Users\boby\Documents\All materials\java\spring\project_kuliah\comment_service)
2024-06-08 23:18:36 INFO  c.e.c.CommentServiceApplication - No active profile set, falling back to 1 default profile: "default"
2024-06-08 23:18:38 INFO  o.s.d.r.c.RepositoryConfigurationDelegate - Bootstrapping Spring Data JPA repositories in DEFAULT mode.
2024-06-08 23:18:38 INFO  o.s.d.r.c.RepositoryConfigurationDelegate - Finished Spring Data repository scanning in 89 ms. Found 1 JPA repository interface.
2024-06-08 23:18:39 INFO  o.s.b.w.e.tomcat.TomcatWebServer - Tomcat initialized with port 7000 (http)
2024-06-08 23:18:39 INFO  o.a.coyote.http11.Http11NioProtocol - Initializing ProtocolHandler ["http-nio-7000"]
2024-06-08 23:18:39 INFO  o.a.catalina.core.StandardService - Starting service [Tomcat]
2024-06-08 23:18:39 INFO  o.a.catalina.core.StandardEngine - Starting Servlet engine: [Apache Tomcat/10.1.24]
2024-06-08 23:18:39 INFO  o.a.c.c.C.[Tomcat].[localhost].[/] - Initializing Spring embedded WebApplicationContext
2024-06-08 23:18:39 INFO  o.s.b.w.s.c.ServletWebServerApplicationContext - Root WebApplicationContext: initialization completed in 2436 ms
2024-06-08 23:18:40 INFO  o.h.jpa.internal.util.LogHelper - HHH000204: Processing PersistenceUnitInfo [name: default]
2024-06-08 23:18:40 INFO  org.hibernate.Version - HHH000412: Hibernate ORM core version 6.5.2.Final
2024-06-08 23:18:40 INFO  o.h.c.i.RegionFactoryInitiator - HHH000026: Second-level cache disabled
2024-06-08 23:18:41 INFO  o.s.o.j.p.SpringPersistenceUnitInfo - No LoadTimeWeaver setup: ignoring JPA class transformer
2024-06-08 23:18:41 INFO  com.zaxxer.hikari.HikariDataSource - HikariPool-1 - Starting...
2024-06-08 23:18:41 INFO  com.zaxxer.hikari.pool.HikariPool - HikariPool-1 - Added connection org.postgresql.jdbc.PgConnection@1a89414e
2024-06-08 23:18:41 INFO  com.zaxxer.hikari.HikariDataSource - HikariPool-1 - Start completed.
2024-06-08 23:18:42 INFO  o.h.e.t.j.p.i.JtaPlatformInitiator - HHH000489: No JTA platform available (set 'hibernate.transaction.jta.platform' to enable JTA platform integration)
2024-06-08 23:18:43 INFO  o.s.o.j.LocalContainerEntityManagerFactoryBean - Initialized JPA EntityManagerFactory for persistence unit 'default'
2024-06-08 23:18:44 WARN  o.s.b.a.o.j.JpaBaseConfiguration$JpaWebConfiguration - spring.jpa.open-in-view is enabled by default. Therefore, database queries may be performed during view rendering. Explicitly configure spring.jpa.open-in-view to disable this warning
2024-06-08 23:18:45 INFO  o.a.coyote.http11.Http11NioProtocol - Starting ProtocolHandler ["http-nio-7000"]
2024-06-08 23:18:45 INFO  o.s.b.w.e.tomcat.TomcatWebServer - Tomcat started on port 7000 (http) with context path '/'
2024-06-08 23:18:45 INFO  c.e.c.CommentServiceApplication - Started CommentServiceApplication in 9.617 seconds (process running for 10.501)
2024-06-08 23:25:59 INFO  c.e.c.CommentServiceApplication - Starting CommentServiceApplication using Java 21.0.2 with PID 12740 (C:\Users\boby\Documents\All materials\java\spring\project_kuliah\comment_service\target\classes started by boby in C:\Users\boby\Documents\All materials\java\spring\project_kuliah\comment_service)
2024-06-08 23:25:59 INFO  c.e.c.CommentServiceApplication - No active profile set, falling back to 1 default profile: "default"
2024-06-08 23:26:00 INFO  o.s.d.r.c.RepositoryConfigurationDelegate - Bootstrapping Spring Data JPA repositories in DEFAULT mode.
2024-06-08 23:26:00 INFO  o.s.d.r.c.RepositoryConfigurationDelegate - Finished Spring Data repository scanning in 41 ms. Found 1 JPA repository interface.
2024-06-08 23:26:00 INFO  o.s.b.w.e.tomcat.TomcatWebServer - Tomcat initialized with port 7000 (http)
2024-06-08 23:26:00 INFO  o.a.coyote.http11.Http11NioProtocol - Initializing ProtocolHandler ["http-nio-7000"]
2024-06-08 23:26:00 INFO  o.a.catalina.core.StandardService - Starting service [Tomcat]
2024-06-08 23:26:00 INFO  o.a.catalina.core.StandardEngine - Starting Servlet engine: [Apache Tomcat/10.1.24]
2024-06-08 23:26:00 INFO  o.a.c.c.C.[Tomcat].[localhost].[/] - Initializing Spring embedded WebApplicationContext
2024-06-08 23:26:00 INFO  o.s.b.w.s.c.ServletWebServerApplicationContext - Root WebApplicationContext: initialization completed in 1074 ms
2024-06-08 23:26:01 INFO  o.h.jpa.internal.util.LogHelper - HHH000204: Processing PersistenceUnitInfo [name: default]
2024-06-08 23:26:01 INFO  org.hibernate.Version - HHH000412: Hibernate ORM core version 6.5.2.Final
2024-06-08 23:26:01 INFO  o.h.c.i.RegionFactoryInitiator - HHH000026: Second-level cache disabled
2024-06-08 23:26:01 INFO  o.s.o.j.p.SpringPersistenceUnitInfo - No LoadTimeWeaver setup: ignoring JPA class transformer
2024-06-08 23:26:01 INFO  com.zaxxer.hikari.HikariDataSource - HikariPool-1 - Starting...
2024-06-08 23:26:01 INFO  com.zaxxer.hikari.pool.HikariPool - HikariPool-1 - Added connection org.postgresql.jdbc.PgConnection@595814a1
2024-06-08 23:26:01 INFO  com.zaxxer.hikari.HikariDataSource - HikariPool-1 - Start completed.
2024-06-08 23:26:02 INFO  o.h.e.t.j.p.i.JtaPlatformInitiator - HHH000489: No JTA platform available (set 'hibernate.transaction.jta.platform' to enable JTA platform integration)
2024-06-08 23:26:02 INFO  o.s.o.j.LocalContainerEntityManagerFactoryBean - Initialized JPA EntityManagerFactory for persistence unit 'default'
2024-06-08 23:26:02 WARN  o.s.b.a.o.j.JpaBaseConfiguration$JpaWebConfiguration - spring.jpa.open-in-view is enabled by default. Therefore, database queries may be performed during view rendering. Explicitly configure spring.jpa.open-in-view to disable this warning
2024-06-08 23:26:03 INFO  o.a.coyote.http11.Http11NioProtocol - Starting ProtocolHandler ["http-nio-7000"]
2024-06-08 23:26:03 INFO  o.s.b.w.e.tomcat.TomcatWebServer - Tomcat started on port 7000 (http) with context path '/'
2024-06-08 23:26:03 INFO  c.e.c.CommentServiceApplication - Started CommentServiceApplication in 4.125 seconds (process running for 4.449)
2024-06-08 23:31:00 INFO  o.a.c.c.C.[Tomcat].[localhost].[/] - Initializing Spring DispatcherServlet 'dispatcherServlet'
2024-06-08 23:31:00 INFO  o.s.web.servlet.DispatcherServlet - Initializing Servlet 'dispatcherServlet'
2024-06-08 23:31:00 INFO  o.s.web.servlet.DispatcherServlet - Completed initialization in 1 ms
2024-06-08 23:34:29 INFO  o.s.o.j.LocalContainerEntityManagerFactoryBean - Closing JPA EntityManagerFactory for persistence unit 'default'
2024-06-08 23:34:29 INFO  com.zaxxer.hikari.HikariDataSource - HikariPool-1 - Shutdown initiated...
2024-06-08 23:34:29 INFO  com.zaxxer.hikari.HikariDataSource - HikariPool-1 - Shutdown completed.
